<?xml version="1.0" encoding="UTF-8"?>
<testng-results ignored="0" total="1" passed="1" failed="0" skipped="0">
  <reporter-output>
  </reporter-output>
  <suite started-at="2024-08-14T00:05:39 TRT" name="Parallel Suite" finished-at="2024-08-14T00:05:45 TRT" duration-ms="5403">
    <groups>
    </groups>
    <test started-at="2024-08-14T00:05:39 TRT" name="Chrome Tests" finished-at="2024-08-14T00:05:40 TRT" duration-ms="9">
    </test> <!-- Chrome Tests -->
    <test started-at="2024-08-14T00:05:40 TRT" name="Reporting" finished-at="2024-08-14T00:05:45 TRT" duration-ms="5333">
      <class name="com.example.tests.ReportingTest">
        <test-method is-config="true" signature="setup(java.lang.String)[pri:0, instance:com.example.tests.ReportingTest@4659191b]" started-at="2024-08-14T00:05:40 TRT" name="setup" finished-at="2024-08-14T00:05:44 TRT" duration-ms="4651" status="PASS">
          <params>
            <param index="0">
              <value>
                <![CDATA[chrome]]>
              </value>
            </param>
          </params>
          <reporter-output>
          </reporter-output>
        </test-method> <!-- setup -->
        <test-method signature="testWithReport()[pri:0, instance:com.example.tests.ReportingTest@4659191b]" started-at="2024-08-14T00:05:44 TRT" name="testWithReport" finished-at="2024-08-14T00:05:45 TRT" duration-ms="479" status="PASS">
          <reporter-output>
          </reporter-output>
        </test-method> <!-- testWithReport -->
        <test-method is-config="true" signature="tearDown(org.testng.ITestResult)[pri:0, instance:com.example.tests.ReportingTest@4659191b]" started-at="2024-08-14T00:05:45 TRT" name="tearDown" finished-at="2024-08-14T00:05:45 TRT" duration-ms="109" status="PASS">
          <params>
            <param index="0">
              <value>
                <![CDATA[[TestResult name=testWithReport status=SUCCESS method=ReportingTest.testWithReport()[pri:0, instance:com.example.tests.ReportingTest@4659191b] output={null}]]]>
              </value>
            </param>
          </params>
          <reporter-output>
          </reporter-output>
        </test-method> <!-- tearDown -->
      </class> <!-- com.example.tests.ReportingTest -->
    </test> <!-- Reporting -->
  </suite> <!-- Parallel Suite -->
</testng-results>
